<?xml version="1.0" encoding="UTF-8"?>
<!-- Generated by org.testng.reporters.JUnitReportReporter -->
<testsuite hostname="DESKTOP-BBARUSM" failures="0" tests="1" name="kalki_Fashion_AddToCart_Module.TC_Kalki_AddToCart_007" time="25.824" errors="0" timestamp="2023-01-23T10:30:47 IST" skipped="0">
  <testcase classname="kalki_Fashion_AddToCart_Module.TC_Kalki_AddToCart_007" name="blouse" time="25.824"/>
  <system-out/>
</testsuite> <!-- kalki_Fashion_AddToCart_Module.TC_Kalki_AddToCart_007 -->
