<?xml version="1.0" encoding="UTF-8"?>
<!-- Generated by org.testng.reporters.JUnitReportReporter -->
<testsuite hostname="DESKTOP-BBARUSM" failures="0" tests="1" name="kalki_Fashion_AddToCart_Module.TC_Kalki_AddToCart_004" time="49.049" errors="0" timestamp="2023-01-22T19:54:05 IST" skipped="0">
  <testcase classname="kalki_Fashion_AddToCart_Module.TC_Kalki_AddToCart_004" name="sleeveLength" time="49.049"/>
  <system-out/>
</testsuite> <!-- kalki_Fashion_AddToCart_Module.TC_Kalki_AddToCart_004 -->
