<?xml version="1.0" encoding="UTF-8"?>
<!-- Generated by org.testng.reporters.JUnitReportReporter -->
<testsuite hostname="DESKTOP-BBARUSM" failures="0" tests="1" name="kalki_Fashion_AddToCart_Module.TC_Kalki_AddToCart_001" time="23.328" errors="0" timestamp="2023-01-24T17:43:26 IST" skipped="0">
  <testcase classname="kalki_Fashion_AddToCart_Module.TC_Kalki_AddToCart_001" name="searchBar" time="23.328"/>
  <system-out/>
</testsuite> <!-- kalki_Fashion_AddToCart_Module.TC_Kalki_AddToCart_001 -->
