<?xml version="1.0" encoding="UTF-8"?>
<!-- Generated by org.testng.reporters.JUnitReportReporter -->
<testsuite hostname="DESKTOP-BBARUSM" failures="0" tests="1" name="kalki_Fashion_AddToCart_Module.TC_Kalki_AddToCart_003" time="28.839" errors="0" timestamp="2023-01-22T19:48:01 IST" skipped="0">
  <testcase classname="kalki_Fashion_AddToCart_Module.TC_Kalki_AddToCart_003" name="selectSize" time="28.839"/>
  <system-out/>
</testsuite> <!-- kalki_Fashion_AddToCart_Module.TC_Kalki_AddToCart_003 -->
