<?xml version="1.0" encoding="UTF-8"?>
<!-- Generated by org.testng.reporters.JUnitReportReporter -->
<testsuite hostname="DESKTOP-BBARUSM" failures="0" tests="1" name="kalki_Fashion_AddToCart_Module.TC_Kalki_AddToCart_005" time="53.912" errors="0" timestamp="2023-01-22T20:10:34 IST" skipped="0">
  <testcase classname="kalki_Fashion_AddToCart_Module.TC_Kalki_AddToCart_005" name="selectSize" time="53.912"/>
  <system-out/>
</testsuite> <!-- kalki_Fashion_AddToCart_Module.TC_Kalki_AddToCart_005 -->
