<?xml version="1.0" encoding="UTF-8"?>
<!-- Generated by org.testng.reporters.JUnitReportReporter -->
<testsuite hostname="DESKTOP-BBARUSM" failures="0" tests="1" name="kalki_Fashion_AddToCart_Module.TC_Kalki_AddToCart_002" time="60.898" errors="0" timestamp="2023-01-24T17:46:40 IST" skipped="0">
  <testcase classname="kalki_Fashion_AddToCart_Module.TC_Kalki_AddToCart_002" name="productSelection" time="60.898"/>
  <system-out>
Sarees Page Displayed  </system-out>
</testsuite> <!-- kalki_Fashion_AddToCart_Module.TC_Kalki_AddToCart_002 -->
